[[Variables]]
    w_1:   0.14983894 +/- 8.6275e-06 (0.01%) (init = 0.14984)
    f_1:   0.07052798 +/- 8.9345e-04 (1.27%) (init = 0.07010143)
    w_2:   0.19975101 +/- 5.9619e-05 (0.03%) (init = 0.1998)
    f_2:   0.01168419 +/- 0.00119097 (10.19%) (init = 0.01270402)
    w_3:   0.23052378 +/- 6.9543e-05 (0.03%) (init = 0.23051)
    f_3:   0.00518368 +/- 0.00137642 (26.55%) (init = 0.007219473)
    w_4:   0.24359587 +/- 2.0067e-05 (0.01%) (init = 0.24359)
    f_4:   0.04368488 +/- 0.00145691 (3.34%) (init = 0.04002696)
    w_5:   0.25171456 +/- 4.8110e-05 (0.02%) (init = 0.2517)
    f_5:   0.02637293 +/- 0.00150417 (5.70%) (init = 0.02604917)
    w_6:   0.28036356 +/- 1.7463e-05 (0.01%) (init = 0.28037)
    f_6:   0.08018664 +/- 0.00169024 (2.11%) (init = 0.06536848)
    w_7:   0.28526064 +/- 5.9534e-06 (0.00%) (init = 0.28526)
    f_7:   0.24393319 +/- 0.00171957 (0.70%) (init = 0.2401263)
    w_8:   0.29547929 +/- 2.1661e-05 (0.01%) (init = 0.29553)
    f_8:   0.05756454 +/- 0.00176730 (3.07%) (init = 0.06641029)
    w_9:   0.33344082 +/- 3.2378e-05 (0.01%) (init = 0.33343)
    f_9:   0.04925560 +/- 0.00198796 (4.04%) (init = 0.0476554)
    w_10:  0.39180886 +/- 2.5856e-05 (0.01%) (init = 0.39182)
    f_10:  0.07519285 +/- 0.00233823 (3.11%) (init = 0.07565803)
    w_11:  0.40443003 +/- 5.7571e-05 (0.01%) (init = 0.4045)
    f_11:  0.03496136 +/- 0.00241346 (6.90%) (init = 0.03855416)
    w_12:  0.45999928 +/- 1.3387e-05 (0.00%) (init = 0.46001)
    f_12:  0.11471338 +/- 0.00274665 (2.39%) (init = 0.1127209)
    w_13:  0.47681009 +/- 6.3710e-05 (0.01%) (init = 0.47689)
    f_13:  0.03083079 +/- 0.00286448 (9.29%) (init = 0.03013272)
    w_14:  0.48296996 +/- 2.9043e-05 (0.01%) (init = 0.48323)
    f_14:  0.06829344 +/- 0.00290244 (4.25%) (init = 0.06511024)
    w_15:  0.14983894 +/- 8.6275e-06 (0.01%) == 'w_1'
    f_15: -0.00562802 +/- 8.9331e-04 (15.87%) (init = -0.005643871)
    w_16:  0.19975101 +/- 5.9619e-05 (0.03%) == 'w_2'
    f_16: -7.8151e-04 +/- 0.00119053 (152.34%) (init = -0.0007767885)
    w_17:  0.23052378 +/- 6.9543e-05 (0.03%) == 'w_3'
    f_17:  0.00195096 +/- 0.00137469 (70.46%) (init = 0.001971135)
    w_18:  0.24359587 +/- 2.0067e-05 (0.01%) == 'w_4'
    f_18: -1.1418e-04 +/- 0.00145461 (1273.91%) (init = 3.615238e-05)
    w_19:  0.25171456 +/- 4.8110e-05 (0.02%) == 'w_5'
    f_19:  0.00159023 +/- 0.00150211 (94.46%) (init = 0.00153172)
    w_20:  0.28036356 +/- 1.7463e-05 (0.01%) == 'w_6'
    f_20:  6.4721e-04 +/- 0.00167411 (258.67%) (init = 0.001389505)
    w_21:  0.28526064 +/- 5.9534e-06 (0.00%) == 'w_7'
    f_21: -0.01201789 +/- 0.00170446 (14.18%) (init = -0.01206049)
    w_22:  0.29547929 +/- 2.1661e-05 (0.01%) == 'w_8'
    f_22: -0.00132869 +/- 0.00176200 (132.61%) (init = -0.00178726)
    w_23:  0.33344082 +/- 3.2378e-05 (0.01%) == 'w_9'
    f_23:  0.00434224 +/- 0.00198710 (45.76%) (init = 0.004456293)
    w_24:  0.39180886 +/- 2.5856e-05 (0.01%) == 'w_10'
    f_24: -0.00171832 +/- 0.00233615 (135.96%) (init = -0.00151371)
    w_25:  0.40443003 +/- 5.7571e-05 (0.01%) == 'w_11'
    f_25:  0.00347636 +/- 0.00241165 (69.37%) (init = 0.00344471)
    w_26:  0.45999928 +/- 1.3387e-05 (0.00%) == 'w_12'
    f_26:  0.01017684 +/- 0.00274305 (26.95%) (init = 0.01076542)
    w_27:  0.47681009 +/- 6.3710e-05 (0.01%) == 'w_13'
    f_27:  0.00325077 +/- 0.00284533 (87.53%) (init = 0.003251718)
    w_28:  0.48296996 +/- 2.9043e-05 (0.01%) == 'w_14'
    f_28:  0.00267878 +/- 0.00288403 (107.66%) (init = 0.003207734)
    w_29:  0.14983894 +/- 8.6275e-06 (0.01%) == 'w_1'
    f_29: -0.05054857 +/- 8.9341e-04 (1.77%) (init = -0.05068412)
    w_30:  0.19975101 +/- 5.9619e-05 (0.03%) == 'w_2'
    f_30: -0.01199871 +/- 0.00119093 (9.93%) (init = -0.01160535)
    w_31:  0.23052378 +/- 6.9543e-05 (0.03%) == 'w_3'
    f_31:  0.01572084 +/- 0.00137507 (8.75%) (init = 0.01712937)
    w_32:  0.24359587 +/- 2.0067e-05 (0.01%) == 'w_4'
    f_32:  0.04330265 +/- 0.00145500 (3.36%) (init = 0.04437242)
    w_33:  0.25171456 +/- 4.8110e-05 (0.02%) == 'w_5'
    f_33:  7.2530e-04 +/- 0.00150423 (207.39%) (init = -0.001834935)
    w_34:  0.28036356 +/- 1.7463e-05 (0.01%) == 'w_6'
    f_34:  0.02104790 +/- 0.00167570 (7.96%) (init = 0.0246527)
    w_35:  0.28526064 +/- 5.9534e-06 (0.00%) == 'w_7'
    f_35: -0.04611697 +/- 0.00170628 (3.70%) (init = -0.04907333)
    w_36:  0.29547929 +/- 2.1661e-05 (0.01%) == 'w_8'
    f_36: -0.03761476 +/- 0.00176263 (4.69%) (init = -0.03909017)
    w_37:  0.33344082 +/- 3.2378e-05 (0.01%) == 'w_9'
    f_37: -0.01452699 +/- 0.00198739 (13.68%) (init = -0.01449612)
    w_38:  0.39180886 +/- 2.5856e-05 (0.01%) == 'w_10'
    f_38: -0.01222332 +/- 0.00233633 (19.11%) (init = -0.01233923)
    w_39:  0.40443003 +/- 5.7571e-05 (0.01%) == 'w_11'
    f_39: -0.00374473 +/- 0.00241172 (64.40%) (init = -0.003864946)
    w_40:  0.45999928 +/- 1.3387e-05 (0.00%) == 'w_12'
    f_40:  0.12837815 +/- 0.00274480 (2.14%) (init = 0.1291253)
    w_41:  0.47681009 +/- 6.3710e-05 (0.01%) == 'w_13'
    f_41:  0.02203328 +/- 0.00285662 (12.97%) (init = 0.02181107)
    w_42:  0.48296996 +/- 2.9043e-05 (0.01%) == 'w_14'
    f_42:  0.04987840 +/- 0.00289383 (5.80%) (init = 0.04450504)
[[Correlations]] (unreported correlations are < 0.100)
    C(w_6, w_7)   = 0.207
    C(f_6, w_7)   = 0.127
    C(w_6, f_7)   = -0.122
    C(w_4, w_5)   = 0.120
    C(f_13, w_14) = -0.110
    C(w_13, f_14) = 0.110
    C(w_7, w_8)   = -0.102
