[[Variables]]
    w_1:   0.22601427 +/- 1.0339e-04 (0.05%) (init = 0.22601)
    f_1:   0.00305737 +/- 8.6557e-04 (28.31%) (init = 0.001490473)
    w_2:   0.24321762 +/- 4.6820e-06 (0.00%) (init = 0.24322)
    f_2:   0.09996252 +/- 9.3138e-04 (0.93%) (init = 0.09871316)
    w_3:   0.28812720 +/- 1.0409e-05 (0.00%) (init = 0.28813)
    f_3:   0.07108681 +/- 0.00110300 (1.55%) (init = 0.06954229)
    w_4:   0.38022320 +/- 2.5366e-05 (0.01%) (init = 0.38024)
    f_4:   0.02643619 +/- 0.00145782 (5.51%) (init = 0.02681492)
    w_5:   0.39362147 +/- 1.2050e-05 (0.00%) (init = 0.39363)
    f_5:   0.09108802 +/- 0.00151698 (1.67%) (init = 0.09350513)
    w_6:   0.39788312 +/- 7.1075e-05 (0.02%) (init = 0.39792)
    f_6:   0.00897317 +/- 0.00154445 (17.21%) (init = 0.01175782)
    w_7:   0.43426831 +/- 6.9872e-06 (0.00%) (init = 0.43432)
    f_7:   0.17039961 +/- 0.00166339 (0.98%) (init = 0.1686573)
    w_8:   0.48415442 +/- 1.3892e-04 (0.03%) (init = 0.48268)
    f_8:   0.01901333 +/- 0.00271680 (14.29%) (init = 0.3303158)
    w_9:   0.48272296 +/- 7.6016e-06 (0.00%) (init = 0.48275)
    f_9:   0.33501681 +/- 0.00275702 (0.82%) (init = 0.3356511)
    w_10:  0.22601427 +/- 1.0339e-04 (0.05%) == 'w_1'
    f_10:  3.8781e-04 +/- 8.6540e-04 (223.15%) (init = 0.0003106629)
    w_11:  0.24321762 +/- 4.6820e-06 (0.00%) == 'w_2'
    f_11:  0.00362322 +/- 9.3130e-04 (25.70%) (init = 0.00358815)
    w_12:  0.28812720 +/- 1.0409e-05 (0.00%) == 'w_3'
    f_12:  5.3681e-04 +/- 0.00110295 (205.46%) (init = 0.0005256965)
    w_13:  0.38022320 +/- 2.5366e-05 (0.01%) == 'w_4'
    f_13:  1.8755e-04 +/- 0.00145643 (776.55%) (init = 8.631805e-06)
    w_14:  0.39362147 +/- 1.2050e-05 (0.00%) == 'w_5'
    f_14: -0.00389796 +/- 0.00151067 (38.76%) (init = -0.003810028)
    w_15:  0.39788312 +/- 7.1075e-05 (0.02%) == 'w_6'
    f_15:  2.5755e-04 +/- 0.00152718 (592.97%) (init = 2.105712e-07)
    w_16:  0.43426831 +/- 6.9872e-06 (0.00%) == 'w_7'
    f_16:  0.00534404 +/- 0.00166299 (31.12%) (init = 0.005283066)
    w_17:  0.48415442 +/- 1.3892e-04 (0.03%) == 'w_8'
    f_17:  2.0643e-04 +/- 0.00186166 (901.84%) (init = 0.007384977)
    w_18:  0.48272296 +/- 7.6016e-06 (0.00%) == 'w_9'
    f_18:  0.00750594 +/- 0.00185542 (24.72%) (init = 0.007422077)
    w_19:  0.22601427 +/- 1.0339e-04 (0.05%) == 'w_1'
    f_19:  0.00632925 +/- 8.6564e-04 (13.68%) (init = 0.00345107)
    w_20:  0.24321762 +/- 4.6820e-06 (0.00%) == 'w_2'
    f_20:  0.13404354 +/- 9.3159e-04 (0.69%) (init = 0.1338216)
    w_21:  0.28812720 +/- 1.0409e-05 (0.00%) == 'w_3'
    f_21: -0.05333108 +/- 0.00110305 (2.07%) (init = -0.05407535)
    w_22:  0.38022320 +/- 2.5366e-05 (0.01%) == 'w_4'
    f_22:  0.04045166 +/- 0.00145725 (3.60%) (init = 0.03768129)
    w_23:  0.39362147 +/- 1.2050e-05 (0.00%) == 'w_5'
    f_23: -0.05537918 +/- 0.00152943 (2.76%) (init = -0.05219425)
    w_24:  0.39788312 +/- 7.1075e-05 (0.02%) == 'w_6'
    f_24:  0.01595455 +/- 0.00153390 (9.61%) (init = 0.01073248)
    w_25:  0.43426831 +/- 6.9872e-06 (0.00%) == 'w_7'
    f_25: -0.10429661 +/- 0.00166362 (1.60%) (init = -0.1066956)
    w_26:  0.48415442 +/- 1.3892e-04 (0.03%) == 'w_8'
    f_26:  0.02480976 +/- 0.00328123 (13.23%) (init = 0.4535968)
    w_27:  0.48272296 +/- 7.6016e-06 (0.00%) == 'w_9'
    f_27:  0.45864745 +/- 0.00324762 (0.71%) (init = 0.4583599)
[[Correlations]] (unreported correlations are < 0.100)
    C(w_8, w_9)   = 0.889
    C(w_9, f_26)  = -0.823
    C(w_8, f_27)  = 0.820
    C(w_8, f_26)  = -0.742
    C(w_9, f_27)  = 0.740
    C(w_8, f_9)   = 0.739
    C(f_8, w_9)   = -0.728
    C(w_9, f_9)   = 0.667
    C(w_8, f_8)   = -0.656
    C(f_26, f_27) = -0.638
    C(f_9, f_27)  = 0.607
    C(f_8, f_26)  = 0.600
    C(f_9, f_26)  = -0.556
    C(f_8, f_27)  = -0.546
    C(f_8, f_9)   = -0.522
    C(w_6, f_23)  = 0.149
    C(w_5, f_6)   = -0.147
[[Variables]]
    w_1:  0.24320667 +/- 1.7797e-05 (0.01%) (init = 0.24322)
    f_1:  0.00359564 +/- 1.2885e-04 (3.58%) (init = 0.003595211)
    w_2:  0.24320667 +/- 1.7797e-05 (0.01%) == 'w_1'
    f_2:  1.2007e-04 +/- 1.2885e-04 (107.32%) (init = 0.000116018)
    w_3:  0.24320667 +/- 1.7797e-05 (0.01%) == 'w_1'
    f_3:  0.00489191 +/- 1.2885e-04 (2.63%) (init = 0.004863647)
[[Variables]]
    w_1:   0.22600583 +/- 4.2179e-05 (0.02%) (init = 0.22601)
    f_1:   0.00634251 +/- 7.4182e-04 (11.70%) (init = 0.003465373)
    w_2:   0.24321792 +/- 2.9958e-06 (0.00%) (init = 0.24322)
    f_2:   0.13403186 +/- 7.9826e-04 (0.60%) (init = 0.1337635)
    w_3:   0.28812653 +/- 1.1785e-05 (0.00%) (init = 0.28813)
    f_3:  -0.05339447 +/- 9.4534e-04 (1.77%) (init = -0.05411379)
    w_4:   0.38022084 +/- 1.5854e-05 (0.00%) (init = 0.38024)
    f_4:   0.04056723 +/- 0.00124942 (3.08%) (init = 0.0376349)
    w_5:   0.39360862 +/- 1.7259e-05 (0.00%) (init = 0.39366)
    f_5:  -0.05533527 +/- 0.00129980 (2.35%) (init = -0.05217411)
    w_6:   0.39792023 +/- 3.4930e-05 (0.01%) (init = 0.39793)
    f_6:   0.01581578 +/- 0.00132456 (8.37%) (init = 0.01077028)
    w_7:   0.43427037 +/- 9.6636e-06 (0.00%) (init = 0.43429)
    f_7:  -0.10420929 +/- 0.00142553 (1.37%) (init = -0.1065351)
    w_8:   0.48275584 +/- 1.7294e-06 (0.00%) (init = 0.48276)
    f_8:   0.45953364 +/- 0.00158706 (0.35%) (init = 0.4573346)
    w_9:   0.22600583 +/- 4.2179e-05 (0.02%) == 'w_1'
    f_9:   7.9283e-04 +/- 7.4169e-04 (93.55%) (init = 0.0006850369)
    w_10:  0.24321792 +/- 2.9958e-06 (0.00%) == 'w_2'
    f_10:  0.00489752 +/- 7.9819e-04 (16.30%) (init = 0.004847379)
    w_11:  0.28812653 +/- 1.1785e-05 (0.00%) == 'w_3'
    f_11: -3.7002e-04 +/- 9.4530e-04 (255.48%) (init = -0.0003910633)
    w_12:  0.38022084 +/- 1.5854e-05 (0.00%) == 'w_4'
    f_12:  1.4576e-04 +/- 0.00124823 (856.38%) (init = 0.0001225144)
    w_13:  0.39360862 +/- 1.7259e-05 (0.00%) == 'w_5'
    f_13:  0.00231113 +/- 0.00129386 (55.98%) (init = 0.002381446)
    w_14:  0.39792023 +/- 3.4930e-05 (0.01%) == 'w_6'
    f_14:  4.4295e-04 +/- 0.00130813 (295.32%) (init = 0.00049604)
    w_15:  0.43427037 +/- 9.6636e-06 (0.00%) == 'w_7'
    f_15: -0.00326079 +/- 0.00142527 (43.71%) (init = -0.0033568)
    w_16:  0.48275584 +/- 1.7294e-06 (0.00%) == 'w_8'
    f_16:  0.01002210 +/- 0.00158690 (15.83%) (init = 0.009904501)
    w_17:  0.22600583 +/- 4.2179e-05 (0.02%) == 'w_1'
    f_17:  0.01333589 +/- 7.4188e-04 (5.56%) (init = 0.009976113)
    w_18:  0.24321792 +/- 2.9958e-06 (0.00%) == 'w_2'
    f_18:  0.17944892 +/- 7.9843e-04 (0.44%) (init = 0.1777698)
    w_19:  0.28812653 +/- 1.1785e-05 (0.00%) == 'w_3'
    f_19:  0.04092014 +/- 9.4539e-04 (2.31%) (init = 0.03915933)
    w_20:  0.38022084 +/- 1.5854e-05 (0.00%) == 'w_4'
    f_20:  0.05237224 +/- 0.00124891 (2.38%) (init = 0.05005566)
    w_21:  0.39360862 +/- 1.7259e-05 (0.00%) == 'w_5'
    f_21:  0.03188817 +/- 0.00131089 (4.11%) (init = 0.03685215)
    w_22:  0.39792023 +/- 3.4930e-05 (0.01%) == 'w_6'
    f_22:  0.02776678 +/- 0.00131382 (4.73%) (init = 0.02586594)
    w_23:  0.43427037 +/- 9.6636e-06 (0.00%) == 'w_7'
    f_23:  0.06682508 +/- 0.00142565 (2.13%) (init = 0.06353363)
    w_24:  0.48275584 +/- 1.7294e-06 (0.00%) == 'w_8'
    f_24:  0.62110443 +/- 0.00158699 (0.26%) (init = 0.6188102)
[[Correlations]] (unreported correlations are < 0.100)
    C(w_5, f_6)  = 0.155
    C(w_6, f_21) = 0.155
